<?xml version="1.0" encoding="UTF-8"?>
<testng-results skipped="0" failed="0" ignored="0" total="1" passed="1">
  <reporter-output>
  </reporter-output>
  <suite name="Default suite" duration-ms="89926" started-at="2020-08-08T17:03:40Z" finished-at="2020-08-08T17:05:10Z">
    <groups>
    </groups>
    <test name="Default test" duration-ms="89926" started-at="2020-08-08T17:03:40Z" finished-at="2020-08-08T17:05:10Z">
      <class name="kdf.Application">
        <test-method status="PASS" signature="invalidLoginTest()[pri:0, instance:kdf.Application@cc285f4]" name="invalidLoginTest" duration-ms="89738" started-at="2020-08-08T17:03:41Z" finished-at="2020-08-08T17:05:10Z">
          <reporter-output>
          </reporter-output>
        </test-method> <!-- invalidLoginTest -->
      </class> <!-- kdf.Application -->
    </test> <!-- Default test -->
  </suite> <!-- Default suite -->
</testng-results>
